
2018-11-13 16:11:59
[ERROR]-[Thread: main]-[com.jfinal.kit.LogKit.error()]: Can not create instance of class: com.tech.common.Myconfig
java.lang.RuntimeException: Can not create instance of class: com.tech.common.Myconfig
	at com.jfinal.core.JFinalFilter.createJFinalConfig(JFinalFilter.java:116)
	at com.jfinal.core.JFinalFilter.init(JFinalFilter.java:59)
	at org.eclipse.jetty.servlet.FilterHolder.initialize(FilterHolder.java:139)
	at org.eclipse.jetty.servlet.ServletHandler.initialize(ServletHandler.java:741)
	at org.eclipse.jetty.servlet.ServletContextHandler.startContext(ServletContextHandler.java:374)
	at org.eclipse.jetty.webapp.WebAppContext.startWebapp(WebAppContext.java:1497)
	at org.eclipse.jetty.webapp.WebAppContext.startContext(WebAppContext.java:1459)
	at org.eclipse.jetty.server.handler.ContextHandler.doStart(ContextHandler.java:847)
	at org.eclipse.jetty.servlet.ServletContextHandler.doStart(ServletContextHandler.java:287)
	at org.eclipse.jetty.webapp.WebAppContext.doStart(WebAppContext.java:545)
	at org.eclipse.jetty.util.component.AbstractLifeCycle.start(AbstractLifeCycle.java:68)
	at org.eclipse.jetty.util.component.ContainerLifeCycle.start(ContainerLifeCycle.java:138)
	at org.eclipse.jetty.server.Server.start(Server.java:416)
	at org.eclipse.jetty.util.component.ContainerLifeCycle.doStart(ContainerLifeCycle.java:108)
	at org.eclipse.jetty.server.handler.AbstractHandler.doStart(AbstractHandler.java:113)
	at org.eclipse.jetty.server.Server.doStart(Server.java:383)
	at org.eclipse.jetty.util.component.AbstractLifeCycle.start(AbstractLifeCycle.java:68)
	at com.jfinal.server.jetty.JettyServer.doStart(JettyServer.java:148)
	at com.jfinal.server.jetty.JettyServer.start(JettyServer.java:69)
	at com.jfinal.core.JFinal.start(JFinal.java:160)
	at com.zhu.jfinallearn.common.Starter.main(Starter.java:9)
Caused by: java.lang.ClassNotFoundException: com.tech.common.Myconfig
	at java.net.URLClassLoader.findClass(URLClassLoader.java:381)
	at java.lang.ClassLoader.loadClass(ClassLoader.java:424)
	at sun.misc.Launcher$AppClassLoader.loadClass(Launcher.java:335)
	at java.lang.ClassLoader.loadClass(ClassLoader.java:357)
	at org.eclipse.jetty.webapp.WebAppClassLoader.loadClass(WebAppClassLoader.java:565)
	at com.jfinal.server.jetty.JFinalClassLoader.loadClass(JFinalClassLoader.java:60)
	at java.lang.Class.forName0(Native Method)
	at java.lang.Class.forName(Class.java:264)
	at com.jfinal.core.JFinalFilter.createJFinalConfig(JFinalFilter.java:114)
	... 20 more

2018-11-13 16:12:44
[ERROR]-[Thread: main]-[com.jfinal.core.Config.startPlugins()]: Plugin start error: com.jfinal.plugin.activerecord.ActiveRecordPlugin. 
File not found : "sql/all_sqls.sql.sql"
java.lang.IllegalArgumentException: File not found : "sql/all_sqls.sql.sql"
	at com.jfinal.template.source.ClassPathSource.<init>(ClassPathSource.java:67)
	at com.jfinal.template.source.ClassPathSourceFactory.getSource(ClassPathSourceFactory.java:29)
	at com.jfinal.template.Engine.buildTemplateBySourceFactory(Engine.java:157)
	at com.jfinal.template.Engine.getTemplate(Engine.java:144)
	at com.jfinal.plugin.activerecord.sql.SqlKit.parseSqlTemplate(SqlKit.java:92)
	at com.jfinal.plugin.activerecord.ActiveRecordPlugin.start(ActiveRecordPlugin.java:224)
	at com.jfinal.core.Config.startPlugins(Config.java:128)
	at com.jfinal.core.Config.configPluginWithOrder(Config.java:71)
	at com.jfinal.core.Config.configJFinal(Config.java:56)
	at com.jfinal.core.JFinal.init(JFinal.java:61)
	at com.jfinal.core.JFinalFilter.init(JFinalFilter.java:62)
	at org.eclipse.jetty.servlet.FilterHolder.initialize(FilterHolder.java:139)
	at org.eclipse.jetty.servlet.ServletHandler.initialize(ServletHandler.java:741)
	at org.eclipse.jetty.servlet.ServletContextHandler.startContext(ServletContextHandler.java:374)
	at org.eclipse.jetty.webapp.WebAppContext.startWebapp(WebAppContext.java:1497)
	at org.eclipse.jetty.webapp.WebAppContext.startContext(WebAppContext.java:1459)
	at org.eclipse.jetty.server.handler.ContextHandler.doStart(ContextHandler.java:847)
	at org.eclipse.jetty.servlet.ServletContextHandler.doStart(ServletContextHandler.java:287)
	at org.eclipse.jetty.webapp.WebAppContext.doStart(WebAppContext.java:545)
	at org.eclipse.jetty.util.component.AbstractLifeCycle.start(AbstractLifeCycle.java:68)
	at org.eclipse.jetty.util.component.ContainerLifeCycle.start(ContainerLifeCycle.java:138)
	at org.eclipse.jetty.server.Server.start(Server.java:416)
	at org.eclipse.jetty.util.component.ContainerLifeCycle.doStart(ContainerLifeCycle.java:108)
	at org.eclipse.jetty.server.handler.AbstractHandler.doStart(AbstractHandler.java:113)
	at org.eclipse.jetty.server.Server.doStart(Server.java:383)
	at org.eclipse.jetty.util.component.AbstractLifeCycle.start(AbstractLifeCycle.java:68)
	at com.jfinal.server.jetty.JettyServer.doStart(JettyServer.java:148)
	at com.jfinal.server.jetty.JettyServer.start(JettyServer.java:69)
	at com.jfinal.core.JFinal.start(JFinal.java:160)
	at com.zhu.jfinallearn.common.Starter.main(Starter.java:9)

2018-11-13 16:12:44
[ERROR]-[Thread: main]-[com.jfinal.kit.LogKit.error()]: Plugin start error: com.jfinal.plugin.activerecord.ActiveRecordPlugin. 
File not found : "sql/all_sqls.sql.sql"
java.lang.RuntimeException: Plugin start error: com.jfinal.plugin.activerecord.ActiveRecordPlugin. 
File not found : "sql/all_sqls.sql.sql"
	at com.jfinal.core.Config.startPlugins(Config.java:137)
	at com.jfinal.core.Config.configPluginWithOrder(Config.java:71)
	at com.jfinal.core.Config.configJFinal(Config.java:56)
	at com.jfinal.core.JFinal.init(JFinal.java:61)
	at com.jfinal.core.JFinalFilter.init(JFinalFilter.java:62)
	at org.eclipse.jetty.servlet.FilterHolder.initialize(FilterHolder.java:139)
	at org.eclipse.jetty.servlet.ServletHandler.initialize(ServletHandler.java:741)
	at org.eclipse.jetty.servlet.ServletContextHandler.startContext(ServletContextHandler.java:374)
	at org.eclipse.jetty.webapp.WebAppContext.startWebapp(WebAppContext.java:1497)
	at org.eclipse.jetty.webapp.WebAppContext.startContext(WebAppContext.java:1459)
	at org.eclipse.jetty.server.handler.ContextHandler.doStart(ContextHandler.java:847)
	at org.eclipse.jetty.servlet.ServletContextHandler.doStart(ServletContextHandler.java:287)
	at org.eclipse.jetty.webapp.WebAppContext.doStart(WebAppContext.java:545)
	at org.eclipse.jetty.util.component.AbstractLifeCycle.start(AbstractLifeCycle.java:68)
	at org.eclipse.jetty.util.component.ContainerLifeCycle.start(ContainerLifeCycle.java:138)
	at org.eclipse.jetty.server.Server.start(Server.java:416)
	at org.eclipse.jetty.util.component.ContainerLifeCycle.doStart(ContainerLifeCycle.java:108)
	at org.eclipse.jetty.server.handler.AbstractHandler.doStart(AbstractHandler.java:113)
	at org.eclipse.jetty.server.Server.doStart(Server.java:383)
	at org.eclipse.jetty.util.component.AbstractLifeCycle.start(AbstractLifeCycle.java:68)
	at com.jfinal.server.jetty.JettyServer.doStart(JettyServer.java:148)
	at com.jfinal.server.jetty.JettyServer.start(JettyServer.java:69)
	at com.jfinal.core.JFinal.start(JFinal.java:160)
	at com.zhu.jfinallearn.common.Starter.main(Starter.java:9)
Caused by: java.lang.IllegalArgumentException: File not found : "sql/all_sqls.sql.sql"
	at com.jfinal.template.source.ClassPathSource.<init>(ClassPathSource.java:67)
	at com.jfinal.template.source.ClassPathSourceFactory.getSource(ClassPathSourceFactory.java:29)
	at com.jfinal.template.Engine.buildTemplateBySourceFactory(Engine.java:157)
	at com.jfinal.template.Engine.getTemplate(Engine.java:144)
	at com.jfinal.plugin.activerecord.sql.SqlKit.parseSqlTemplate(SqlKit.java:92)
	at com.jfinal.plugin.activerecord.ActiveRecordPlugin.start(ActiveRecordPlugin.java:224)
	at com.jfinal.core.Config.startPlugins(Config.java:128)
	... 23 more

2018-11-13 16:24:31
[WARN]-[Thread: qtp1588970020-16]-[com.jfinal.core.ActionHandler.handle()]: 404 Action Not Found: /imewis/msugg?ifc=4&em=4

2018-11-13 16:24:31
[WARN]-[Thread: qtp1588970020-13]-[com.jfinal.core.ActionHandler.handle()]: 404 Action Not Found: /imewis/msugg?ifc=4&em=4

2018-11-13 16:24:32
[WARN]-[Thread: qtp1588970020-20]-[com.jfinal.core.ActionHandler.handle()]: 404 Action Not Found: /imewis/msugg?ifc=4&em=4

2018-11-13 16:24:32
[WARN]-[Thread: qtp1588970020-19]-[com.jfinal.core.ActionHandler.handle()]: 404 Action Not Found: /imewis/msugg?ifc=4&em=4

2018-11-13 16:24:32
[WARN]-[Thread: qtp1588970020-20]-[com.jfinal.core.ActionHandler.handle()]: 404 Action Not Found: /imewis/msugg?ifc=4&em=4

2018-11-13 16:24:33
[WARN]-[Thread: qtp1588970020-19]-[com.jfinal.core.ActionHandler.handle()]: 404 Action Not Found: /imewis/msugg?ifc=4&em=4

2018-11-13 16:24:33
[WARN]-[Thread: qtp1588970020-20]-[com.jfinal.core.ActionHandler.handle()]: 404 Action Not Found: /imewis/msugg?ifc=4&em=4

2018-11-13 16:24:33
[WARN]-[Thread: qtp1588970020-19]-[com.jfinal.core.ActionHandler.handle()]: 404 Action Not Found: /imewis/msugg?ifc=4&em=4

2018-11-13 16:24:34
[WARN]-[Thread: qtp1588970020-20]-[com.jfinal.core.ActionHandler.handle()]: 404 Action Not Found: /imewis/msugg?ifc=4&em=4

2018-11-13 16:24:38
[WARN]-[Thread: qtp1588970020-19]-[com.jfinal.core.ActionHandler.handle()]: 404 Action Not Found: /

2018-11-13 16:24:42
[WARN]-[Thread: qtp1588970020-19]-[com.jfinal.core.ActionHandler.handle()]: 404 Action Not Found: /imewis/msugg?ifc=4&em=4

2018-11-13 16:24:42
[WARN]-[Thread: qtp1588970020-20]-[com.jfinal.core.ActionHandler.handle()]: 404 Action Not Found: /imewis/msugg?ifc=4&em=4

2018-11-13 16:24:42
[WARN]-[Thread: qtp1588970020-19]-[com.jfinal.core.ActionHandler.handle()]: 404 Action Not Found: /imewis/msugg?ifc=4&em=4

2018-11-13 16:24:43
[WARN]-[Thread: qtp1588970020-20]-[com.jfinal.core.ActionHandler.handle()]: 404 Action Not Found: /imewis/msugg?ifc=4&em=4

2018-11-13 16:24:43
[WARN]-[Thread: qtp1588970020-19]-[com.jfinal.core.ActionHandler.handle()]: 404 Action Not Found: /imewis/msugg?ifc=4&em=4

2018-11-13 16:24:43
[WARN]-[Thread: qtp1588970020-19]-[com.jfinal.core.ActionHandler.handle()]: 404 Action Not Found: /login/detail/captcha

2018-11-13 16:26:10
[WARN]-[Thread: qtp1588970020-18]-[com.jfinal.core.ActionHandler.handle()]: 404 Action Not Found: /login/detail/captcha

2018-11-13 16:27:44
[WARN]-[Thread: qtp1588970020-19]-[com.jfinal.core.ActionHandler.handle()]: 404 Action Not Found: /imewis/msugg?ifc=4&em=4

2018-11-13 16:27:44
[WARN]-[Thread: qtp1588970020-18]-[com.jfinal.core.ActionHandler.handle()]: 404 Action Not Found: /imewis/msugg?ifc=4&em=4

2018-11-13 16:27:44
[WARN]-[Thread: qtp1588970020-19]-[com.jfinal.core.ActionHandler.handle()]: 404 Action Not Found: /imewis/msugg?ifc=4&em=4

2018-11-13 16:27:44
[WARN]-[Thread: qtp1588970020-18]-[com.jfinal.core.ActionHandler.handle()]: 404 Action Not Found: /imewis/msugg?ifc=4&em=4

2018-11-13 16:27:45
[WARN]-[Thread: qtp1588970020-19]-[com.jfinal.core.ActionHandler.handle()]: 404 Action Not Found: /imewis/msugg?ifc=4&em=4

2018-11-13 16:27:45
[WARN]-[Thread: qtp1588970020-18]-[com.jfinal.core.ActionHandler.handle()]: 404 Action Not Found: /imewis/msugg?ifc=4&em=4

2018-11-13 16:38:56
[WARN]-[Thread: qtp1588970020-18]-[com.jfinal.core.ActionHandler.handle()]: 404 Action Not Found: /login/detail/captcha

2018-11-13 16:39:21
[WARN]-[Thread: qtp1588970020-18]-[com.jfinal.core.ActionHandler.handle()]: 404 Action Not Found: /login/detail/captcha?v=0.9323251618768535

2018-11-13 16:39:21
[WARN]-[Thread: qtp1588970020-19]-[com.jfinal.core.ActionHandler.handle()]: 404 Action Not Found: /login/detail/captcha?v=0.09464146445816013

2018-11-13 16:39:21
[WARN]-[Thread: qtp1588970020-18]-[com.jfinal.core.ActionHandler.handle()]: 404 Action Not Found: /login/detail/captcha?v=0.7219834415958857

2018-11-13 16:39:22
[WARN]-[Thread: qtp1588970020-19]-[com.jfinal.core.ActionHandler.handle()]: 404 Action Not Found: /login/detail/captcha?v=0.4342953638922955

2018-11-13 16:39:22
[WARN]-[Thread: qtp1588970020-19]-[com.jfinal.core.ActionHandler.handle()]: 404 Action Not Found: /login/detail/captcha?v=0.500373267996308

2018-11-13 16:41:20
[WARN]-[Thread: qtp1588970020-16]-[com.jfinal.core.ActionHandler.handle()]: 404 Action Not Found: /login/detail/captcha

2018-11-13 16:44:11
[WARN]-[Thread: qtp1588970020-17]-[com.jfinal.core.ActionHandler.handle()]: 404 Action Not Found: /imewis/msugg?ifc=4&em=4

2018-11-13 16:44:11
[WARN]-[Thread: qtp1588970020-13]-[com.jfinal.core.ActionHandler.handle()]: 404 Action Not Found: /imewis/msugg?ifc=4&em=4

2018-11-13 16:44:12
[WARN]-[Thread: qtp1588970020-20]-[com.jfinal.core.ActionHandler.handle()]: 404 Action Not Found: /imewis/msugg?ifc=4&em=4

2018-11-13 16:44:12
[WARN]-[Thread: qtp1588970020-13]-[com.jfinal.core.ActionHandler.handle()]: 404 Action Not Found: /imewis/msugg?ifc=4&em=4

2018-11-13 16:44:12
[WARN]-[Thread: qtp1588970020-20]-[com.jfinal.core.ActionHandler.handle()]: 404 Action Not Found: /imewis/msugg?ifc=4&em=4

2018-11-13 16:44:12
[WARN]-[Thread: qtp1588970020-16]-[com.jfinal.core.ActionHandler.handle()]: 404 Action Not Found: /imewis/msugg?ifc=4&em=4

2018-11-13 16:44:12
[WARN]-[Thread: qtp1588970020-20]-[com.jfinal.core.ActionHandler.handle()]: 404 Action Not Found: /imewis/msugg?ifc=4&em=4

2018-11-13 16:44:12
[WARN]-[Thread: qtp1588970020-16]-[com.jfinal.core.ActionHandler.handle()]: 404 Action Not Found: /imewis/msugg?ifc=4&em=4

2018-11-13 16:44:12
[WARN]-[Thread: qtp1588970020-13]-[com.jfinal.core.ActionHandler.handle()]: 404 Action Not Found: /imewis/msugg?ifc=4&em=4

2018-11-13 16:44:13
[WARN]-[Thread: qtp1588970020-20]-[com.jfinal.core.ActionHandler.handle()]: 404 Action Not Found: /imewis/msugg?ifc=4&em=4

2018-11-13 16:44:13
[WARN]-[Thread: qtp1588970020-13]-[com.jfinal.core.ActionHandler.handle()]: 404 Action Not Found: /imewis/msugg?ifc=4&em=4

2018-11-13 16:44:13
[WARN]-[Thread: qtp1588970020-20]-[com.jfinal.core.ActionHandler.handle()]: 404 Action Not Found: /imewis/msugg?ifc=4&em=4

2018-11-13 16:44:13
[WARN]-[Thread: qtp1588970020-13]-[com.jfinal.core.ActionHandler.handle()]: 404 Action Not Found: /imewis/msugg?ifc=4&em=4

2018-11-13 16:45:23
[WARN]-[Thread: qtp1588970020-20]-[com.jfinal.core.ActionHandler.handle()]: 404 Action Not Found: /imewis/msugg?ifc=4&em=4

2018-11-13 16:45:23
[WARN]-[Thread: qtp1588970020-16]-[com.jfinal.core.ActionHandler.handle()]: 404 Action Not Found: /imewis/msugg?ifc=4&em=4

2018-11-13 16:45:24
[WARN]-[Thread: qtp1588970020-20]-[com.jfinal.core.ActionHandler.handle()]: 404 Action Not Found: /imewis/msugg?ifc=4&em=4

2018-11-13 16:45:24
[WARN]-[Thread: qtp1588970020-16]-[com.jfinal.core.ActionHandler.handle()]: 404 Action Not Found: /imewis/msugg?ifc=4&em=4

2018-11-13 16:45:24
[WARN]-[Thread: qtp1588970020-20]-[com.jfinal.core.ActionHandler.handle()]: 404 Action Not Found: /imewis/msugg?ifc=4&em=4

2018-11-13 16:45:24
[WARN]-[Thread: qtp1588970020-16]-[com.jfinal.core.ActionHandler.handle()]: 404 Action Not Found: /imewis/msugg?ifc=4&em=4

2018-11-13 16:45:24
[WARN]-[Thread: qtp1588970020-20]-[com.jfinal.core.ActionHandler.handle()]: 404 Action Not Found: /imewis/msugg?ifc=4&em=4

2018-11-13 16:47:26
[WARN]-[Thread: qtp1588970020-30]-[com.jfinal.core.ActionHandler.handle()]: 404 Action Not Found: /imewis/msugg?ifc=4&em=4

2018-11-13 16:47:26
[WARN]-[Thread: qtp1588970020-20]-[com.jfinal.core.ActionHandler.handle()]: 404 Action Not Found: /imewis/msugg?ifc=4&em=4

2018-11-13 16:47:27
[WARN]-[Thread: qtp1588970020-15]-[com.jfinal.core.ActionHandler.handle()]: 404 Action Not Found: /imewis/msugg?ifc=4&em=4

2018-11-13 16:47:27
[WARN]-[Thread: qtp1588970020-20]-[com.jfinal.core.ActionHandler.handle()]: 404 Action Not Found: /imewis/msugg?ifc=4&em=4

2018-11-13 16:47:28
[WARN]-[Thread: qtp1588970020-15]-[com.jfinal.core.ActionHandler.handle()]: 404 Action Not Found: /imewis/msugg?ifc=4&em=4

2018-11-13 16:47:28
[WARN]-[Thread: qtp1588970020-20]-[com.jfinal.core.ActionHandler.handle()]: 404 Action Not Found: /imewis/msugg?ifc=4&em=4

2018-11-13 16:47:28
[WARN]-[Thread: qtp1588970020-15]-[com.jfinal.core.ActionHandler.handle()]: 404 Action Not Found: /imewis/msugg?ifc=4&em=4

2018-11-13 16:47:28
[WARN]-[Thread: qtp1588970020-20]-[com.jfinal.core.ActionHandler.handle()]: 404 Action Not Found: /imewis/msugg?ifc=4&em=4

2018-11-13 16:47:28
[WARN]-[Thread: qtp1588970020-15]-[com.jfinal.core.ActionHandler.handle()]: 404 Action Not Found: /imewis/msugg?ifc=4&em=4

2018-11-13 16:47:28
[WARN]-[Thread: qtp1588970020-20]-[com.jfinal.core.ActionHandler.handle()]: 404 Action Not Found: /imewis/msugg?ifc=4&em=4

2018-11-13 16:47:28
[WARN]-[Thread: qtp1588970020-15]-[com.jfinal.core.ActionHandler.handle()]: 404 Action Not Found: /imewis/msugg?ifc=4&em=4

2018-11-13 16:47:29
[WARN]-[Thread: qtp1588970020-20]-[com.jfinal.core.ActionHandler.handle()]: 404 Action Not Found: /imewis/msugg?ifc=4&em=4

2018-11-13 16:47:29
[WARN]-[Thread: qtp1588970020-15]-[com.jfinal.core.ActionHandler.handle()]: 404 Action Not Found: /imewis/msugg?ifc=4&em=4

2018-11-13 16:47:29
[WARN]-[Thread: qtp1588970020-20]-[com.jfinal.core.ActionHandler.handle()]: 404 Action Not Found: /imewis/msugg?ifc=4&em=4

2018-11-13 16:47:29
[WARN]-[Thread: qtp1588970020-15]-[com.jfinal.core.ActionHandler.handle()]: 404 Action Not Found: /imewis/msugg?ifc=4&em=4

2018-11-13 16:47:30
[WARN]-[Thread: qtp1588970020-20]-[com.jfinal.core.ActionHandler.handle()]: 404 Action Not Found: /imewis/msugg?ifc=4&em=4

2018-11-13 16:47:30
[WARN]-[Thread: qtp1588970020-15]-[com.jfinal.core.ActionHandler.handle()]: 404 Action Not Found: /imewis/msugg?ifc=4&em=4

2018-11-13 16:47:31
[WARN]-[Thread: qtp1588970020-16]-[com.jfinal.core.ActionHandler.handle()]: 404 Action Not Found: /imewis/msugg?ifc=4&em=4

2018-11-13 16:47:31
[WARN]-[Thread: qtp1588970020-15]-[com.jfinal.core.ActionHandler.handle()]: 404 Action Not Found: /imewis/msugg?ifc=4&em=4

2018-11-13 16:47:31
[WARN]-[Thread: qtp1588970020-16]-[com.jfinal.core.ActionHandler.handle()]: 404 Action Not Found: /imewis/msugg?ifc=4&em=4

2018-11-13 16:47:31
[WARN]-[Thread: qtp1588970020-15]-[com.jfinal.core.ActionHandler.handle()]: 404 Action Not Found: /imewis/msugg?ifc=4&em=4

2018-11-13 16:47:31
[WARN]-[Thread: qtp1588970020-16]-[com.jfinal.core.ActionHandler.handle()]: 404 Action Not Found: /imewis/msugg?ifc=4&em=4

2018-11-13 16:47:33
[WARN]-[Thread: qtp1588970020-15]-[com.jfinal.core.ActionHandler.handle()]: 404 Action Not Found: /imewis/msugg?ifc=4&em=4

2018-11-13 16:47:33
[WARN]-[Thread: qtp1588970020-16]-[com.jfinal.core.ActionHandler.handle()]: 404 Action Not Found: /imewis/msugg?ifc=4&em=4

2018-11-13 16:47:33
[WARN]-[Thread: qtp1588970020-15]-[com.jfinal.core.ActionHandler.handle()]: 404 Action Not Found: /imewis/msugg?ifc=4&em=4

2018-11-13 16:47:33
[WARN]-[Thread: qtp1588970020-16]-[com.jfinal.core.ActionHandler.handle()]: 404 Action Not Found: /imewis/msugg?ifc=4&em=4

2018-11-13 16:47:34
[WARN]-[Thread: qtp1588970020-15]-[com.jfinal.core.ActionHandler.handle()]: 404 Action Not Found: /imewis/msugg?ifc=4&em=4

2018-11-13 16:47:34
[WARN]-[Thread: qtp1588970020-16]-[com.jfinal.core.ActionHandler.handle()]: 404 Action Not Found: /imewis/msugg?ifc=4&em=4

2018-11-13 16:47:34
[WARN]-[Thread: qtp1588970020-15]-[com.jfinal.core.ActionHandler.handle()]: 404 Action Not Found: /imewis/msugg?ifc=4&em=4

2018-11-13 16:47:35
[WARN]-[Thread: qtp1588970020-16]-[com.jfinal.core.ActionHandler.handle()]: 404 Action Not Found: /imewis/msugg?ifc=4&em=4

2018-11-13 16:47:35
[WARN]-[Thread: qtp1588970020-15]-[com.jfinal.core.ActionHandler.handle()]: 404 Action Not Found: /imewis/msugg?ifc=4&em=4

2018-11-13 17:26:43
[WARN]-[Thread: qtp1588970020-13]-[com.jfinal.core.ActionHandler.handle()]: 404 Action Not Found: /imewis/msugg?ifc=4&em=4

2018-11-13 17:26:43
[WARN]-[Thread: qtp1588970020-17]-[com.jfinal.core.ActionHandler.handle()]: 404 Action Not Found: /imewis/msugg?ifc=4&em=4

2018-11-13 17:26:43
[WARN]-[Thread: qtp1588970020-30]-[com.jfinal.core.ActionHandler.handle()]: 404 Action Not Found: /imewis/msugg?ifc=4&em=4

2018-11-13 17:26:43
[WARN]-[Thread: qtp1588970020-17]-[com.jfinal.core.ActionHandler.handle()]: 404 Action Not Found: /imewis/msugg?ifc=4&em=4

2018-11-13 17:26:43
[WARN]-[Thread: qtp1588970020-30]-[com.jfinal.core.ActionHandler.handle()]: 404 Action Not Found: /imewis/msugg?ifc=4&em=4

2018-11-13 17:26:43
[WARN]-[Thread: qtp1588970020-17]-[com.jfinal.core.ActionHandler.handle()]: 404 Action Not Found: /imewis/msugg?ifc=4&em=4

2018-11-13 17:26:43
[WARN]-[Thread: qtp1588970020-30]-[com.jfinal.core.ActionHandler.handle()]: 404 Action Not Found: /imewis/msugg?ifc=4&em=4

2018-11-13 17:26:44
[WARN]-[Thread: qtp1588970020-17]-[com.jfinal.core.ActionHandler.handle()]: 404 Action Not Found: /imewis/msugg?ifc=4&em=4

2018-11-13 17:26:44
[WARN]-[Thread: qtp1588970020-30]-[com.jfinal.core.ActionHandler.handle()]: 404 Action Not Found: /imewis/msugg?ifc=4&em=4

2018-11-13 17:26:44
[WARN]-[Thread: qtp1588970020-17]-[com.jfinal.core.ActionHandler.handle()]: 404 Action Not Found: /imewis/msugg?ifc=4&em=4

2018-11-13 17:26:44
[WARN]-[Thread: qtp1588970020-30]-[com.jfinal.core.ActionHandler.handle()]: 404 Action Not Found: /imewis/msugg?ifc=4&em=4

2018-11-13 17:26:45
[WARN]-[Thread: qtp1588970020-17]-[com.jfinal.core.ActionHandler.handle()]: 404 Action Not Found: /imewis/msugg?ifc=4&em=4

2018-11-13 17:26:45
[WARN]-[Thread: qtp1588970020-30]-[com.jfinal.core.ActionHandler.handle()]: 404 Action Not Found: /imewis/msugg?ifc=4&em=4

2018-11-13 17:26:45
[WARN]-[Thread: qtp1588970020-17]-[com.jfinal.core.ActionHandler.handle()]: 404 Action Not Found: /imewis/msugg?ifc=4&em=4

2018-11-13 17:26:45
[WARN]-[Thread: qtp1588970020-30]-[com.jfinal.core.ActionHandler.handle()]: 404 Action Not Found: /imewis/msugg?ifc=4&em=4

2018-11-13 17:26:45
[WARN]-[Thread: qtp1588970020-17]-[com.jfinal.core.ActionHandler.handle()]: 404 Action Not Found: /imewis/msugg?ifc=4&em=4

2018-11-13 17:26:46
[WARN]-[Thread: qtp1588970020-30]-[com.jfinal.core.ActionHandler.handle()]: 404 Action Not Found: /imewis/msugg?ifc=4&em=4

2018-11-13 17:26:47
[WARN]-[Thread: qtp1588970020-17]-[com.jfinal.core.ActionHandler.handle()]: 404 Action Not Found: /imewis/msugg?ifc=4&em=4

2018-11-13 17:26:47
[WARN]-[Thread: qtp1588970020-30]-[com.jfinal.core.ActionHandler.handle()]: 404 Action Not Found: /imewis/msugg?ifc=4&em=4

2018-11-13 17:26:47
[WARN]-[Thread: qtp1588970020-17]-[com.jfinal.core.ActionHandler.handle()]: 404 Action Not Found: /imewis/msugg?ifc=4&em=4

2018-11-13 17:26:47
[WARN]-[Thread: qtp1588970020-20]-[com.jfinal.core.ActionHandler.handle()]: 404 Action Not Found: /imewis/msugg?ifc=4&em=4

2018-11-13 17:26:47
[WARN]-[Thread: qtp1588970020-30]-[com.jfinal.core.ActionHandler.handle()]: 404 Action Not Found: /imewis/msugg?ifc=4&em=4

2018-11-13 17:26:47
[WARN]-[Thread: qtp1588970020-20]-[com.jfinal.core.ActionHandler.handle()]: 404 Action Not Found: /imewis/msugg?ifc=4&em=4

2018-11-13 17:26:47
[WARN]-[Thread: qtp1588970020-30]-[com.jfinal.core.ActionHandler.handle()]: 404 Action Not Found: /imewis/msugg?ifc=4&em=4

2018-11-13 17:26:48
[WARN]-[Thread: qtp1588970020-20]-[com.jfinal.core.ActionHandler.handle()]: 404 Action Not Found: /imewis/msugg?ifc=4&em=4

2018-11-13 17:26:48
[WARN]-[Thread: qtp1588970020-17]-[com.jfinal.core.ActionHandler.handle()]: 404 Action Not Found: /imewis/msugg?ifc=4&em=4

2018-11-13 17:26:48
[WARN]-[Thread: qtp1588970020-30]-[com.jfinal.core.ActionHandler.handle()]: 404 Action Not Found: /imewis/msugg?ifc=4&em=4

2018-11-13 17:26:48
[WARN]-[Thread: qtp1588970020-17]-[com.jfinal.core.ActionHandler.handle()]: 404 Action Not Found: /imewis/msugg?ifc=4&em=4

2018-11-13 17:26:48
[WARN]-[Thread: qtp1588970020-20]-[com.jfinal.core.ActionHandler.handle()]: 404 Action Not Found: /imewis/msugg?ifc=4&em=4

2018-11-13 17:26:49
[WARN]-[Thread: qtp1588970020-17]-[com.jfinal.core.ActionHandler.handle()]: 404 Action Not Found: /imewis/msugg?ifc=4&em=4

2018-11-13 17:26:49
[WARN]-[Thread: qtp1588970020-20]-[com.jfinal.core.ActionHandler.handle()]: 404 Action Not Found: /imewis/msugg?ifc=4&em=4

2018-11-13 17:26:49
[WARN]-[Thread: qtp1588970020-17]-[com.jfinal.core.ActionHandler.handle()]: 404 Action Not Found: /imewis/msugg?ifc=4&em=4

2018-11-13 17:26:49
[WARN]-[Thread: qtp1588970020-20]-[com.jfinal.core.ActionHandler.handle()]: 404 Action Not Found: /imewis/msugg?ifc=4&em=4

2018-11-13 17:26:49
[WARN]-[Thread: qtp1588970020-17]-[com.jfinal.core.ActionHandler.handle()]: 404 Action Not Found: /imewis/msugg?ifc=4&em=4

2018-11-13 17:26:49
[WARN]-[Thread: qtp1588970020-20]-[com.jfinal.core.ActionHandler.handle()]: 404 Action Not Found: /imewis/msugg?ifc=4&em=4

2018-11-13 17:26:49
[WARN]-[Thread: qtp1588970020-17]-[com.jfinal.core.ActionHandler.handle()]: 404 Action Not Found: /imewis/msugg?ifc=4&em=4

2018-11-13 17:26:52
[WARN]-[Thread: qtp1588970020-20]-[com.jfinal.core.ActionHandler.handle()]: 404 Action Not Found: /imewis/msugg?ifc=4&em=4

2018-11-13 17:26:53
[WARN]-[Thread: qtp1588970020-17]-[com.jfinal.core.ActionHandler.handle()]: 404 Action Not Found: /imewis/msugg?ifc=4&em=4

2018-11-13 17:26:53
[WARN]-[Thread: qtp1588970020-20]-[com.jfinal.core.ActionHandler.handle()]: 404 Action Not Found: /imewis/msugg?ifc=4&em=4

2018-11-13 21:05:18
[ERROR]-[Thread: main]-[com.alibaba.druid.pool.DruidDataSource.init()]: init datasource error, url: jdbc:mysql://localhost:3306/jfinal_club?characterEncoding=utf8&useSSL=false&zeroDateTimeBehavior=convertToNull
com.mysql.jdbc.exceptions.jdbc4.CommunicationsException: Communications link failure

The last packet sent successfully to the server was 0 milliseconds ago. The driver has not received any packets from the server.
	at sun.reflect.NativeConstructorAccessorImpl.newInstance0(Native Method)
	at sun.reflect.NativeConstructorAccessorImpl.newInstance(NativeConstructorAccessorImpl.java:62)
	at sun.reflect.DelegatingConstructorAccessorImpl.newInstance(DelegatingConstructorAccessorImpl.java:45)
	at java.lang.reflect.Constructor.newInstance(Constructor.java:423)
	at com.mysql.jdbc.Util.handleNewInstance(Util.java:425)
	at com.mysql.jdbc.SQLError.createCommunicationsException(SQLError.java:989)
	at com.mysql.jdbc.MysqlIO.<init>(MysqlIO.java:341)
	at com.mysql.jdbc.ConnectionImpl.coreConnect(ConnectionImpl.java:2189)
	at com.mysql.jdbc.ConnectionImpl.connectOneTryOnly(ConnectionImpl.java:2222)
	at com.mysql.jdbc.ConnectionImpl.createNewIO(ConnectionImpl.java:2017)
	at com.mysql.jdbc.ConnectionImpl.<init>(ConnectionImpl.java:779)
	at com.mysql.jdbc.JDBC4Connection.<init>(JDBC4Connection.java:47)
	at sun.reflect.NativeConstructorAccessorImpl.newInstance0(Native Method)
	at sun.reflect.NativeConstructorAccessorImpl.newInstance(NativeConstructorAccessorImpl.java:62)
	at sun.reflect.DelegatingConstructorAccessorImpl.newInstance(DelegatingConstructorAccessorImpl.java:45)
	at java.lang.reflect.Constructor.newInstance(Constructor.java:423)
	at com.mysql.jdbc.Util.handleNewInstance(Util.java:425)
	at com.mysql.jdbc.ConnectionImpl.getInstance(ConnectionImpl.java:389)
	at com.mysql.jdbc.NonRegisteringDriver.connect(NonRegisteringDriver.java:330)
	at com.alibaba.druid.filter.FilterChainImpl.connection_connect(FilterChainImpl.java:148)
	at com.alibaba.druid.filter.stat.StatFilter.connection_connect(StatFilter.java:220)
	at com.alibaba.druid.filter.FilterChainImpl.connection_connect(FilterChainImpl.java:142)
	at com.alibaba.druid.filter.FilterAdapter.connection_connect(FilterAdapter.java:785)
	at com.alibaba.druid.filter.FilterChainImpl.connection_connect(FilterChainImpl.java:142)
	at com.alibaba.druid.pool.DruidAbstractDataSource.createPhysicalConnection(DruidAbstractDataSource.java:1463)
	at com.alibaba.druid.pool.DruidAbstractDataSource.createPhysicalConnection(DruidAbstractDataSource.java:1525)
	at com.alibaba.druid.pool.DruidDataSource.init(DruidDataSource.java:734)
	at com.alibaba.druid.pool.DruidDataSource.getConnection(DruidDataSource.java:1060)
	at com.alibaba.druid.pool.DruidDataSource.getConnection(DruidDataSource.java:1056)
	at com.alibaba.druid.pool.DruidDataSource.getConnection(DruidDataSource.java:104)
	at com.jfinal.plugin.activerecord.TableBuilder.build(TableBuilder.java:43)
	at com.jfinal.plugin.activerecord.ActiveRecordPlugin.start(ActiveRecordPlugin.java:226)
	at com.jfinal.core.Config.startPlugins(Config.java:128)
	at com.jfinal.core.Config.configPluginWithOrder(Config.java:71)
	at com.jfinal.core.Config.configJFinal(Config.java:56)
	at com.jfinal.core.JFinal.init(JFinal.java:61)
	at com.jfinal.core.JFinalFilter.init(JFinalFilter.java:62)
	at org.eclipse.jetty.servlet.FilterHolder.initialize(FilterHolder.java:139)
	at org.eclipse.jetty.servlet.ServletHandler.initialize(ServletHandler.java:741)
	at org.eclipse.jetty.servlet.ServletContextHandler.startContext(ServletContextHandler.java:374)
	at org.eclipse.jetty.webapp.WebAppContext.startWebapp(WebAppContext.java:1497)
	at org.eclipse.jetty.webapp.WebAppContext.startContext(WebAppContext.java:1459)
	at org.eclipse.jetty.server.handler.ContextHandler.doStart(ContextHandler.java:847)
	at org.eclipse.jetty.servlet.ServletContextHandler.doStart(ServletContextHandler.java:287)
	at org.eclipse.jetty.webapp.WebAppContext.doStart(WebAppContext.java:545)
	at org.eclipse.jetty.util.component.AbstractLifeCycle.start(AbstractLifeCycle.java:68)
	at org.eclipse.jetty.util.component.ContainerLifeCycle.start(ContainerLifeCycle.java:138)
	at org.eclipse.jetty.server.Server.start(Server.java:416)
	at org.eclipse.jetty.util.component.ContainerLifeCycle.doStart(ContainerLifeCycle.java:108)
	at org.eclipse.jetty.server.handler.AbstractHandler.doStart(AbstractHandler.java:113)
	at org.eclipse.jetty.server.Server.doStart(Server.java:383)
	at org.eclipse.jetty.util.component.AbstractLifeCycle.start(AbstractLifeCycle.java:68)
	at com.jfinal.server.jetty.JettyServer.doStart(JettyServer.java:148)
	at com.jfinal.server.jetty.JettyServer.start(JettyServer.java:69)
	at com.jfinal.core.JFinal.start(JFinal.java:160)
	at com.zhu.jfinallearn.common.Starter.main(Starter.java:9)
Caused by: java.net.ConnectException: Connection refused: connect
	at java.net.DualStackPlainSocketImpl.connect0(Native Method)
	at java.net.DualStackPlainSocketImpl.socketConnect(DualStackPlainSocketImpl.java:79)
	at java.net.AbstractPlainSocketImpl.doConnect(AbstractPlainSocketImpl.java:350)
	at java.net.AbstractPlainSocketImpl.connectToAddress(AbstractPlainSocketImpl.java:206)
	at java.net.AbstractPlainSocketImpl.connect(AbstractPlainSocketImpl.java:188)
	at java.net.PlainSocketImpl.connect(PlainSocketImpl.java:172)
	at java.net.SocksSocketImpl.connect(SocksSocketImpl.java:392)
	at java.net.Socket.connect(Socket.java:589)
	at com.mysql.jdbc.StandardSocketFactory.connect(StandardSocketFactory.java:211)
	at com.mysql.jdbc.MysqlIO.<init>(MysqlIO.java:300)
	... 49 more

2018-11-13 21:05:18
[ERROR]-[Thread: main]-[com.alibaba.druid.pool.DruidDataSource.init()]: {dataSource-1} init error
com.mysql.jdbc.exceptions.jdbc4.CommunicationsException: Communications link failure

The last packet sent successfully to the server was 0 milliseconds ago. The driver has not received any packets from the server.
	at sun.reflect.NativeConstructorAccessorImpl.newInstance0(Native Method)
	at sun.reflect.NativeConstructorAccessorImpl.newInstance(NativeConstructorAccessorImpl.java:62)
	at sun.reflect.DelegatingConstructorAccessorImpl.newInstance(DelegatingConstructorAccessorImpl.java:45)
	at java.lang.reflect.Constructor.newInstance(Constructor.java:423)
	at com.mysql.jdbc.Util.handleNewInstance(Util.java:425)
	at com.mysql.jdbc.SQLError.createCommunicationsException(SQLError.java:989)
	at com.mysql.jdbc.MysqlIO.<init>(MysqlIO.java:341)
	at com.mysql.jdbc.ConnectionImpl.coreConnect(ConnectionImpl.java:2189)
	at com.mysql.jdbc.ConnectionImpl.connectOneTryOnly(ConnectionImpl.java:2222)
	at com.mysql.jdbc.ConnectionImpl.createNewIO(ConnectionImpl.java:2017)
	at com.mysql.jdbc.ConnectionImpl.<init>(ConnectionImpl.java:779)
	at com.mysql.jdbc.JDBC4Connection.<init>(JDBC4Connection.java:47)
	at sun.reflect.NativeConstructorAccessorImpl.newInstance0(Native Method)
	at sun.reflect.NativeConstructorAccessorImpl.newInstance(NativeConstructorAccessorImpl.java:62)
	at sun.reflect.DelegatingConstructorAccessorImpl.newInstance(DelegatingConstructorAccessorImpl.java:45)
	at java.lang.reflect.Constructor.newInstance(Constructor.java:423)
	at com.mysql.jdbc.Util.handleNewInstance(Util.java:425)
	at com.mysql.jdbc.ConnectionImpl.getInstance(ConnectionImpl.java:389)
	at com.mysql.jdbc.NonRegisteringDriver.connect(NonRegisteringDriver.java:330)
	at com.alibaba.druid.filter.FilterChainImpl.connection_connect(FilterChainImpl.java:148)
	at com.alibaba.druid.filter.stat.StatFilter.connection_connect(StatFilter.java:220)
	at com.alibaba.druid.filter.FilterChainImpl.connection_connect(FilterChainImpl.java:142)
	at com.alibaba.druid.filter.FilterAdapter.connection_connect(FilterAdapter.java:785)
	at com.alibaba.druid.filter.FilterChainImpl.connection_connect(FilterChainImpl.java:142)
	at com.alibaba.druid.pool.DruidAbstractDataSource.createPhysicalConnection(DruidAbstractDataSource.java:1463)
	at com.alibaba.druid.pool.DruidAbstractDataSource.createPhysicalConnection(DruidAbstractDataSource.java:1525)
	at com.alibaba.druid.pool.DruidDataSource.init(DruidDataSource.java:734)
	at com.alibaba.druid.pool.DruidDataSource.getConnection(DruidDataSource.java:1060)
	at com.alibaba.druid.pool.DruidDataSource.getConnection(DruidDataSource.java:1056)
	at com.alibaba.druid.pool.DruidDataSource.getConnection(DruidDataSource.java:104)
	at com.jfinal.plugin.activerecord.TableBuilder.build(TableBuilder.java:43)
	at com.jfinal.plugin.activerecord.ActiveRecordPlugin.start(ActiveRecordPlugin.java:226)
	at com.jfinal.core.Config.startPlugins(Config.java:128)
	at com.jfinal.core.Config.configPluginWithOrder(Config.java:71)
	at com.jfinal.core.Config.configJFinal(Config.java:56)
	at com.jfinal.core.JFinal.init(JFinal.java:61)
	at com.jfinal.core.JFinalFilter.init(JFinalFilter.java:62)
	at org.eclipse.jetty.servlet.FilterHolder.initialize(FilterHolder.java:139)
	at org.eclipse.jetty.servlet.ServletHandler.initialize(ServletHandler.java:741)
	at org.eclipse.jetty.servlet.ServletContextHandler.startContext(ServletContextHandler.java:374)
	at org.eclipse.jetty.webapp.WebAppContext.startWebapp(WebAppContext.java:1497)
	at org.eclipse.jetty.webapp.WebAppContext.startContext(WebAppContext.java:1459)
	at org.eclipse.jetty.server.handler.ContextHandler.doStart(ContextHandler.java:847)
	at org.eclipse.jetty.servlet.ServletContextHandler.doStart(ServletContextHandler.java:287)
	at org.eclipse.jetty.webapp.WebAppContext.doStart(WebAppContext.java:545)
	at org.eclipse.jetty.util.component.AbstractLifeCycle.start(AbstractLifeCycle.java:68)
	at org.eclipse.jetty.util.component.ContainerLifeCycle.start(ContainerLifeCycle.java:138)
	at org.eclipse.jetty.server.Server.start(Server.java:416)
	at org.eclipse.jetty.util.component.ContainerLifeCycle.doStart(ContainerLifeCycle.java:108)
	at org.eclipse.jetty.server.handler.AbstractHandler.doStart(AbstractHandler.java:113)
	at org.eclipse.jetty.server.Server.doStart(Server.java:383)
	at org.eclipse.jetty.util.component.AbstractLifeCycle.start(AbstractLifeCycle.java:68)
	at com.jfinal.server.jetty.JettyServer.doStart(JettyServer.java:148)
	at com.jfinal.server.jetty.JettyServer.start(JettyServer.java:69)
	at com.jfinal.core.JFinal.start(JFinal.java:160)
	at com.zhu.jfinallearn.common.Starter.main(Starter.java:9)
Caused by: java.net.ConnectException: Connection refused: connect
	at java.net.DualStackPlainSocketImpl.connect0(Native Method)
	at java.net.DualStackPlainSocketImpl.socketConnect(DualStackPlainSocketImpl.java:79)
	at java.net.AbstractPlainSocketImpl.doConnect(AbstractPlainSocketImpl.java:350)
	at java.net.AbstractPlainSocketImpl.connectToAddress(AbstractPlainSocketImpl.java:206)
	at java.net.AbstractPlainSocketImpl.connect(AbstractPlainSocketImpl.java:188)
	at java.net.PlainSocketImpl.connect(PlainSocketImpl.java:172)
	at java.net.SocksSocketImpl.connect(SocksSocketImpl.java:392)
	at java.net.Socket.connect(Socket.java:589)
	at com.mysql.jdbc.StandardSocketFactory.connect(StandardSocketFactory.java:211)
	at com.mysql.jdbc.MysqlIO.<init>(MysqlIO.java:300)
	... 49 more

2018-11-13 21:05:18
[ERROR]-[Thread: main]-[com.jfinal.core.Config.startPlugins()]: Plugin start error: com.jfinal.plugin.activerecord.ActiveRecordPlugin. 
com.mysql.jdbc.exceptions.jdbc4.CommunicationsException: Communications link failure

The last packet sent successfully to the server was 0 milliseconds ago. The driver has not received any packets from the server.
com.jfinal.plugin.activerecord.ActiveRecordException: com.mysql.jdbc.exceptions.jdbc4.CommunicationsException: Communications link failure

The last packet sent successfully to the server was 0 milliseconds ago. The driver has not received any packets from the server.
	at com.jfinal.plugin.activerecord.TableBuilder.build(TableBuilder.java:55)
	at com.jfinal.plugin.activerecord.ActiveRecordPlugin.start(ActiveRecordPlugin.java:226)
	at com.jfinal.core.Config.startPlugins(Config.java:128)
	at com.jfinal.core.Config.configPluginWithOrder(Config.java:71)
	at com.jfinal.core.Config.configJFinal(Config.java:56)
	at com.jfinal.core.JFinal.init(JFinal.java:61)
	at com.jfinal.core.JFinalFilter.init(JFinalFilter.java:62)
	at org.eclipse.jetty.servlet.FilterHolder.initialize(FilterHolder.java:139)
	at org.eclipse.jetty.servlet.ServletHandler.initialize(ServletHandler.java:741)
	at org.eclipse.jetty.servlet.ServletContextHandler.startContext(ServletContextHandler.java:374)
	at org.eclipse.jetty.webapp.WebAppContext.startWebapp(WebAppContext.java:1497)
	at org.eclipse.jetty.webapp.WebAppContext.startContext(WebAppContext.java:1459)
	at org.eclipse.jetty.server.handler.ContextHandler.doStart(ContextHandler.java:847)
	at org.eclipse.jetty.servlet.ServletContextHandler.doStart(ServletContextHandler.java:287)
	at org.eclipse.jetty.webapp.WebAppContext.doStart(WebAppContext.java:545)
	at org.eclipse.jetty.util.component.AbstractLifeCycle.start(AbstractLifeCycle.java:68)
	at org.eclipse.jetty.util.component.ContainerLifeCycle.start(ContainerLifeCycle.java:138)
	at org.eclipse.jetty.server.Server.start(Server.java:416)
	at org.eclipse.jetty.util.component.ContainerLifeCycle.doStart(ContainerLifeCycle.java:108)
	at org.eclipse.jetty.server.handler.AbstractHandler.doStart(AbstractHandler.java:113)
	at org.eclipse.jetty.server.Server.doStart(Server.java:383)
	at org.eclipse.jetty.util.component.AbstractLifeCycle.start(AbstractLifeCycle.java:68)
	at com.jfinal.server.jetty.JettyServer.doStart(JettyServer.java:148)
	at com.jfinal.server.jetty.JettyServer.start(JettyServer.java:69)
	at com.jfinal.core.JFinal.start(JFinal.java:160)
	at com.zhu.jfinallearn.common.Starter.main(Starter.java:9)
Caused by: com.mysql.jdbc.exceptions.jdbc4.CommunicationsException: Communications link failure

The last packet sent successfully to the server was 0 milliseconds ago. The driver has not received any packets from the server.
	at sun.reflect.NativeConstructorAccessorImpl.newInstance0(Native Method)
	at sun.reflect.NativeConstructorAccessorImpl.newInstance(NativeConstructorAccessorImpl.java:62)
	at sun.reflect.DelegatingConstructorAccessorImpl.newInstance(DelegatingConstructorAccessorImpl.java:45)
	at java.lang.reflect.Constructor.newInstance(Constructor.java:423)
	at com.mysql.jdbc.Util.handleNewInstance(Util.java:425)
	at com.mysql.jdbc.SQLError.createCommunicationsException(SQLError.java:989)
	at com.mysql.jdbc.MysqlIO.<init>(MysqlIO.java:341)
	at com.mysql.jdbc.ConnectionImpl.coreConnect(ConnectionImpl.java:2189)
	at com.mysql.jdbc.ConnectionImpl.connectOneTryOnly(ConnectionImpl.java:2222)
	at com.mysql.jdbc.ConnectionImpl.createNewIO(ConnectionImpl.java:2017)
	at com.mysql.jdbc.ConnectionImpl.<init>(ConnectionImpl.java:779)
	at com.mysql.jdbc.JDBC4Connection.<init>(JDBC4Connection.java:47)
	at sun.reflect.NativeConstructorAccessorImpl.newInstance0(Native Method)
	at sun.reflect.NativeConstructorAccessorImpl.newInstance(NativeConstructorAccessorImpl.java:62)
	at sun.reflect.DelegatingConstructorAccessorImpl.newInstance(DelegatingConstructorAccessorImpl.java:45)
	at java.lang.reflect.Constructor.newInstance(Constructor.java:423)
	at com.mysql.jdbc.Util.handleNewInstance(Util.java:425)
	at com.mysql.jdbc.ConnectionImpl.getInstance(ConnectionImpl.java:389)
	at com.mysql.jdbc.NonRegisteringDriver.connect(NonRegisteringDriver.java:330)
	at com.alibaba.druid.filter.FilterChainImpl.connection_connect(FilterChainImpl.java:148)
	at com.alibaba.druid.filter.stat.StatFilter.connection_connect(StatFilter.java:220)
	at com.alibaba.druid.filter.FilterChainImpl.connection_connect(FilterChainImpl.java:142)
	at com.alibaba.druid.filter.FilterAdapter.connection_connect(FilterAdapter.java:785)
	at com.alibaba.druid.filter.FilterChainImpl.connection_connect(FilterChainImpl.java:142)
	at com.alibaba.druid.pool.DruidAbstractDataSource.createPhysicalConnection(DruidAbstractDataSource.java:1463)
	at com.alibaba.druid.pool.DruidAbstractDataSource.createPhysicalConnection(DruidAbstractDataSource.java:1525)
	at com.alibaba.druid.pool.DruidDataSource.init(DruidDataSource.java:734)
	at com.alibaba.druid.pool.DruidDataSource.getConnection(DruidDataSource.java:1060)
	at com.alibaba.druid.pool.DruidDataSource.getConnection(DruidDataSource.java:1056)
	at com.alibaba.druid.pool.DruidDataSource.getConnection(DruidDataSource.java:104)
	at com.jfinal.plugin.activerecord.TableBuilder.build(TableBuilder.java:43)
	... 25 more
Caused by: java.net.ConnectException: Connection refused: connect
	at java.net.DualStackPlainSocketImpl.connect0(Native Method)
	at java.net.DualStackPlainSocketImpl.socketConnect(DualStackPlainSocketImpl.java:79)
	at java.net.AbstractPlainSocketImpl.doConnect(AbstractPlainSocketImpl.java:350)
	at java.net.AbstractPlainSocketImpl.connectToAddress(AbstractPlainSocketImpl.java:206)
	at java.net.AbstractPlainSocketImpl.connect(AbstractPlainSocketImpl.java:188)
	at java.net.PlainSocketImpl.connect(PlainSocketImpl.java:172)
	at java.net.SocksSocketImpl.connect(SocksSocketImpl.java:392)
	at java.net.Socket.connect(Socket.java:589)
	at com.mysql.jdbc.StandardSocketFactory.connect(StandardSocketFactory.java:211)
	at com.mysql.jdbc.MysqlIO.<init>(MysqlIO.java:300)
	... 49 more

2018-11-13 21:05:18
[ERROR]-[Thread: main]-[com.jfinal.kit.LogKit.error()]: Plugin start error: com.jfinal.plugin.activerecord.ActiveRecordPlugin. 
com.mysql.jdbc.exceptions.jdbc4.CommunicationsException: Communications link failure

The last packet sent successfully to the server was 0 milliseconds ago. The driver has not received any packets from the server.
java.lang.RuntimeException: Plugin start error: com.jfinal.plugin.activerecord.ActiveRecordPlugin. 
com.mysql.jdbc.exceptions.jdbc4.CommunicationsException: Communications link failure

The last packet sent successfully to the server was 0 milliseconds ago. The driver has not received any packets from the server.
	at com.jfinal.core.Config.startPlugins(Config.java:137)
	at com.jfinal.core.Config.configPluginWithOrder(Config.java:71)
	at com.jfinal.core.Config.configJFinal(Config.java:56)
	at com.jfinal.core.JFinal.init(JFinal.java:61)
	at com.jfinal.core.JFinalFilter.init(JFinalFilter.java:62)
	at org.eclipse.jetty.servlet.FilterHolder.initialize(FilterHolder.java:139)
	at org.eclipse.jetty.servlet.ServletHandler.initialize(ServletHandler.java:741)
	at org.eclipse.jetty.servlet.ServletContextHandler.startContext(ServletContextHandler.java:374)
	at org.eclipse.jetty.webapp.WebAppContext.startWebapp(WebAppContext.java:1497)
	at org.eclipse.jetty.webapp.WebAppContext.startContext(WebAppContext.java:1459)
	at org.eclipse.jetty.server.handler.ContextHandler.doStart(ContextHandler.java:847)
	at org.eclipse.jetty.servlet.ServletContextHandler.doStart(ServletContextHandler.java:287)
	at org.eclipse.jetty.webapp.WebAppContext.doStart(WebAppContext.java:545)
	at org.eclipse.jetty.util.component.AbstractLifeCycle.start(AbstractLifeCycle.java:68)
	at org.eclipse.jetty.util.component.ContainerLifeCycle.start(ContainerLifeCycle.java:138)
	at org.eclipse.jetty.server.Server.start(Server.java:416)
	at org.eclipse.jetty.util.component.ContainerLifeCycle.doStart(ContainerLifeCycle.java:108)
	at org.eclipse.jetty.server.handler.AbstractHandler.doStart(AbstractHandler.java:113)
	at org.eclipse.jetty.server.Server.doStart(Server.java:383)
	at org.eclipse.jetty.util.component.AbstractLifeCycle.start(AbstractLifeCycle.java:68)
	at com.jfinal.server.jetty.JettyServer.doStart(JettyServer.java:148)
	at com.jfinal.server.jetty.JettyServer.start(JettyServer.java:69)
	at com.jfinal.core.JFinal.start(JFinal.java:160)
	at com.zhu.jfinallearn.common.Starter.main(Starter.java:9)
Caused by: com.jfinal.plugin.activerecord.ActiveRecordException: com.mysql.jdbc.exceptions.jdbc4.CommunicationsException: Communications link failure

The last packet sent successfully to the server was 0 milliseconds ago. The driver has not received any packets from the server.
	at com.jfinal.plugin.activerecord.TableBuilder.build(TableBuilder.java:55)
	at com.jfinal.plugin.activerecord.ActiveRecordPlugin.start(ActiveRecordPlugin.java:226)
	at com.jfinal.core.Config.startPlugins(Config.java:128)
	... 23 more
Caused by: com.mysql.jdbc.exceptions.jdbc4.CommunicationsException: Communications link failure

The last packet sent successfully to the server was 0 milliseconds ago. The driver has not received any packets from the server.
	at sun.reflect.NativeConstructorAccessorImpl.newInstance0(Native Method)
	at sun.reflect.NativeConstructorAccessorImpl.newInstance(NativeConstructorAccessorImpl.java:62)
	at sun.reflect.DelegatingConstructorAccessorImpl.newInstance(DelegatingConstructorAccessorImpl.java:45)
	at java.lang.reflect.Constructor.newInstance(Constructor.java:423)
	at com.mysql.jdbc.Util.handleNewInstance(Util.java:425)
	at com.mysql.jdbc.SQLError.createCommunicationsException(SQLError.java:989)
	at com.mysql.jdbc.MysqlIO.<init>(MysqlIO.java:341)
	at com.mysql.jdbc.ConnectionImpl.coreConnect(ConnectionImpl.java:2189)
	at com.mysql.jdbc.ConnectionImpl.connectOneTryOnly(ConnectionImpl.java:2222)
	at com.mysql.jdbc.ConnectionImpl.createNewIO(ConnectionImpl.java:2017)
	at com.mysql.jdbc.ConnectionImpl.<init>(ConnectionImpl.java:779)
	at com.mysql.jdbc.JDBC4Connection.<init>(JDBC4Connection.java:47)
	at sun.reflect.NativeConstructorAccessorImpl.newInstance0(Native Method)
	at sun.reflect.NativeConstructorAccessorImpl.newInstance(NativeConstructorAccessorImpl.java:62)
	at sun.reflect.DelegatingConstructorAccessorImpl.newInstance(DelegatingConstructorAccessorImpl.java:45)
	at java.lang.reflect.Constructor.newInstance(Constructor.java:423)
	at com.mysql.jdbc.Util.handleNewInstance(Util.java:425)
	at com.mysql.jdbc.ConnectionImpl.getInstance(ConnectionImpl.java:389)
	at com.mysql.jdbc.NonRegisteringDriver.connect(NonRegisteringDriver.java:330)
	at com.alibaba.druid.filter.FilterChainImpl.connection_connect(FilterChainImpl.java:148)
	at com.alibaba.druid.filter.stat.StatFilter.connection_connect(StatFilter.java:220)
	at com.alibaba.druid.filter.FilterChainImpl.connection_connect(FilterChainImpl.java:142)
	at com.alibaba.druid.filter.FilterAdapter.connection_connect(FilterAdapter.java:785)
	at com.alibaba.druid.filter.FilterChainImpl.connection_connect(FilterChainImpl.java:142)
	at com.alibaba.druid.pool.DruidAbstractDataSource.createPhysicalConnection(DruidAbstractDataSource.java:1463)
	at com.alibaba.druid.pool.DruidAbstractDataSource.createPhysicalConnection(DruidAbstractDataSource.java:1525)
	at com.alibaba.druid.pool.DruidDataSource.init(DruidDataSource.java:734)
	at com.alibaba.druid.pool.DruidDataSource.getConnection(DruidDataSource.java:1060)
	at com.alibaba.druid.pool.DruidDataSource.getConnection(DruidDataSource.java:1056)
	at com.alibaba.druid.pool.DruidDataSource.getConnection(DruidDataSource.java:104)
	at com.jfinal.plugin.activerecord.TableBuilder.build(TableBuilder.java:43)
	... 25 more
Caused by: java.net.ConnectException: Connection refused: connect
	at java.net.DualStackPlainSocketImpl.connect0(Native Method)
	at java.net.DualStackPlainSocketImpl.socketConnect(DualStackPlainSocketImpl.java:79)
	at java.net.AbstractPlainSocketImpl.doConnect(AbstractPlainSocketImpl.java:350)
	at java.net.AbstractPlainSocketImpl.connectToAddress(AbstractPlainSocketImpl.java:206)
	at java.net.AbstractPlainSocketImpl.connect(AbstractPlainSocketImpl.java:188)
	at java.net.PlainSocketImpl.connect(PlainSocketImpl.java:172)
	at java.net.SocksSocketImpl.connect(SocksSocketImpl.java:392)
	at java.net.Socket.connect(Socket.java:589)
	at com.mysql.jdbc.StandardSocketFactory.connect(StandardSocketFactory.java:211)
	at com.mysql.jdbc.MysqlIO.<init>(MysqlIO.java:300)
	... 49 more
